<?xml version="1.0" encoding="UTF-8"?>
<!-- Generated by org.testng.reporters.JUnitXMLReporter -->
<testsuite ignored="9" hostname="Vaishnavi6" failures="0" tests="1" name="Default test" time="29.323" errors="0" timestamp="2024-09-01T20:18:49 IST">
  <testcase classname="Testcase.Final_class" name="homepage" time="5.381"/>
  <testcase classname="Testcase.Final_class" name="haircare" time="0.0">
    <ignored/>
  </testcase> <!-- haircare -->
  <testcase classname="Testcase.Final_class" name="makeup" time="0.0">
    <ignored/>
  </testcase> <!-- makeup -->
  <testcase classname="Testcase.Final_class" name="bodyshaperslimmer" time="0.0">
    <ignored/>
  </testcase> <!-- bodyshaperslimmer -->
  <testcase classname="Testcase.Final_class" name="footcare" time="0.0">
    <ignored/>
  </testcase> <!-- footcare -->
  <testcase classname="Testcase.Final_class" name="facecare" time="0.0">
    <ignored/>
  </testcase> <!-- facecare -->
  <testcase classname="Testcase.Final_class" name="eyecare" time="0.0">
    <ignored/>
  </testcase> <!-- eyecare -->
  <testcase classname="Testcase.Final_class" name="handnaill" time="0.0">
    <ignored/>
  </testcase> <!-- handnaill -->
  <testcase classname="Testcase.Final_class" name="personalcare" time="0.0">
    <ignored/>
  </testcase> <!-- personalcare -->
  <testcase classname="Testcase.Final_class" name="bodyCare" time="0.0">
    <ignored/>
  </testcase> <!-- bodyCare -->
</testsuite> <!-- Default test -->
