<?xml version="1.0" encoding="UTF-8"?>
<testng-results ignored="9" total="10" passed="1" failed="0" skipped="0">
  <reporter-output>
  </reporter-output>
  <suite started-at="2024-09-01T20:18:20 IST" name="Default suite" finished-at="2024-09-01T20:18:49 IST" duration-ms="29323">
    <groups>
    </groups>
    <test started-at="2024-09-01T20:18:20 IST" name="Default test" finished-at="2024-09-01T20:18:49 IST" duration-ms="29323">
      <class name="Testcase.Final_class">
        <test-method is-config="true" signature="setup()[pri:0, instance:Testcase.Final_class@3c7f66c4]" started-at="2024-09-01T20:18:20 IST" name="setup" finished-at="2024-09-01T20:18:42 IST" duration-ms="22068" status="PASS">
          <reporter-output>
          </reporter-output>
        </test-method> <!-- setup -->
        <test-method signature="homepage()[pri:0, instance:Testcase.Final_class@3c7f66c4]" started-at="2024-09-01T20:18:42 IST" name="homepage" finished-at="2024-09-01T20:18:48 IST" duration-ms="5381" status="PASS">
          <reporter-output>
          </reporter-output>
        </test-method> <!-- homepage -->
        <test-method is-config="true" signature="teardown()[pri:0, instance:Testcase.Final_class@3c7f66c4]" started-at="2024-09-01T20:18:48 IST" name="teardown" finished-at="2024-09-01T20:18:49 IST" duration-ms="1784" status="PASS">
          <reporter-output>
          </reporter-output>
        </test-method> <!-- teardown -->
      </class> <!-- Testcase.Final_class -->
    </test> <!-- Default test -->
  </suite> <!-- Default suite -->
</testng-results>
